===========================
Start year 2012
===========================
Bought 1400 shares of ?QQQ at 57.14 on 2012-01-04
Bought 24 call contracts of QQQ 140118C00057000 at 8.12 on 2012-01-04
Option expiration date: 2014-01-18
Option strike price: 57.0
Current underlying price: 57.14
===========================
Net portfolio value: 117839.4
Liquidating 24.0 call contracts at price 10.365 on 2012-12-31
Call option profit is 5388.0. Growth 27.647783251231527
Stock profit is 11158.0. Growth 13.948197409870494
===========================
Finish year 2012
===========================
Start year 2013
===========================
Bought 16 shares of ?QQQ at 66.68 on 2013-01-07
Bought 29 call contracts of QQQ 150117C00067000 at 7.9 on 2013-01-07
Option expiration date: 2015-01-17
Option strike price: 67.0
Current underlying price: 66.68
===========================
Net portfolio value: 188830.81
Liquidating 29.0 call contracts at price 21.475 on 2013-12-31
Call option profit is 39367.5. Growth 171.83544303797467
Stock profit is 30132.479999999996. Growth 31.913617276544684
===========================
Finish year 2013
===========================
Start year 2014
===========================
Bought 300 shares of ?QQQ at 87.09 on 2014-01-07
Bought 42 call contracts of QQQ 160115C00087000 at 8.71 on 2014-01-07
Option expiration date: 2016-01-15
Option strike price: 87.0
Current underlying price: 87.09
===========================
Net portfolio value: 259612.66
Liquidating 42.0 call contracts at price 18.855 on 2014-12-31
Call option profit is 42608.99999999999. Growth 116.47531572904703
Stock profit is 27730.559999999998. Growth 18.555517280973707
===========================
Finish year 2014
===========================
Start year 2015
===========================
Bought 292 shares of ?QQQ at 101.36 on 2015-01-07
Bought 41 call contracts of QQQ 170120C00101000 at 12.29 on 2015-01-07
Option expiration date: 2017-01-20
Option strike price: 101.0
Current underlying price: 101.36
===========================
Net portfolio value: 295559.93
Liquidating 41.0 call contracts at price 16.69 on 2015-12-31
Call option profit is 18040.0. Growth 35.80146460537022
Stock profit is 21084.0. Growth 10.359116022099448
===========================
Finish year 2015
===========================
Start year 2016
===========================
Bought 125 shares of ?QQQ at 104.87 on 2016-01-07
Bought 39 call contracts of QQQ 180119C00106000 at 14.08 on 2016-01-07
Option expiration date: 2018-01-19
Option strike price: 106.0
Current underlying price: 104.87
===========================
Net portfolio value: 323847.89
Liquidating 39.0 call contracts at price 17.295 on 2016-12-30
Call option profit is 12538.5. Growth 22.833806818181817
Stock profit is 29030.130000000005. Growth 12.977972728139603
===========================
Finish year 2016
===========================
Start year 2017
===========================
Bought 35 shares of ?QQQ at 121.93 on 2017-01-06
Bought 48 call contracts of QQQ 190118C00122000 at 13.54 on 2017-01-06
Option expiration date: 2019-01-18
Option strike price: 122.0
Current underlying price: 121.93
===========================
Net portfolio value: 518690.03
Liquidating 48.0 call contracts at price 36.895 on 2017-12-29
Call option profit is 112104.0. Growth 172.48892171344167
Stock profit is 73343.44. Growth 27.74542770442057
===========================
Finish year 2017
===========================
Start year 2018
===========================
Bought 438 shares of ?QQQ at 161.92 on 2018-01-05
Bought 54 call contracts of QQQ 200117C00162000 at 19.3 on 2018-01-05
Option expiration date: 2020-01-17
Option strike price: 162.0
Current underlying price: 161.92
===========================
Net portfolio value: 471828.92
Liquidating 54.0 call contracts at price 12.0 on 2018-12-31
Call option profit is -39420.0. Growth -37.82383419689119
Stock profit is -19961.96000000002. Growth -4.730731225296448
===========================
Finish year 2018
===========================
Start year 2019
===========================
Bought 37 call contracts of QQQ 210115C00155000 at 25.5 on 2019-01-07
Option expiration date: 2021-01-15
Option strike price: 155.0
Current underlying price: 158.09
===========================
Net portfolio value: 757515.35
Liquidating 37.0 call contracts at price 61.0 on 2019-12-31
Call option profit is 131350.0. Growth 139.2156862745098
Stock profit is 170061.05000000005. Growth 44.286661419626405
===========================
Finish year 2019
===========================
Start year 2020
===========================
Bought 199 shares of ?QQQ at 215.53 on 2020-01-07
Bought 53 call contracts of QQQ 220121C00215000 at 28.5 on 2020-01-07
Option expiration date: 2022-01-21
Option strike price: 215.0
Current underlying price: 215.53
===========================
Net portfolio value: 1441235.14
Liquidating 53.0 call contracts at price 104.92 on 2020-12-31
Call option profit is 405026.0. Growth 268.140350877193
Stock profit is 275479.04999999993. Growth 45.566742448847016
===========================
Finish year 2020
===========================
Start year 2021
===========================
Bought 638 shares of ?QQQ at 314.98 on 2021-01-07
Bought 46 call contracts of QQQ 231215C00310000 at 58.0 on 2021-01-07
Option expiration date: 2023-12-15
Option strike price: 310.0
Current underlying price: 314.98
===========================
Net portfolio value: 1892625.68
Liquidating 46.0 call contracts at price 111.785 on 2021-12-31
Call option profit is 247411.0. Growth 92.73275862068965
Stock profit is 285321.4099999999. Growth 26.309606959172
===========================
Finish year 2021
===========================
Start year 2022
===========================
Bought 378 shares of ?QQQ at 384.02 on 2022-01-06
Bought 63 call contracts of QQQ 240119C00385000 at 57.97 on 2022-01-06
Option expiration date: 2024-01-19
Option strike price: 385.0
Current underlying price: 384.02
===========================
Net portfolio value: 1041279.71
Liquidating 63.0 call contracts at price 2.185 on 2022-12-30
Call option profit is -351445.5. Growth -96.23080903915819
Stock profit is -449884.54000000015. Growth -30.659861465548676
===========================
Finish year 2022
===========================
Start year 2023
===========================
Bought 39 call contracts of QQQ 250117C00265000 at 53.23 on 2023-01-06
Option expiration date: 2025-01-17
Option strike price: 265.0
Current underlying price: 268.8
===========================
Net portfolio value: 2005716.79
Liquidating 39.0 call contracts at price 159.805 on 2023-12-29
Call option profit is 415642.5. Growth 200.2160435844449
Stock profit is 724507.1199999999. Growth 86.22325617707094
===========================
Finish year 2023
===========================
Start year 2024
===========================
Bought 124 shares of ?QQQ at 396.75 on 2024-01-05
Bought 48 call contracts of QQQ 261218C00394780 at 81.5 on 2024-01-05
Option expiration date: 2026-12-18
Option strike price: 394.78
Current underlying price: 396.75
===========================
Net portfolio value: 2802668.62
Liquidating 48.0 call contracts at price 161.315 on 2024-12-31
Call option profit is 383112.0. Growth 97.93251533742331
Stock profit is 451623.6000000001. Growth 28.854442344045374
===========================
Finish year 2024
===========================
