===========================
Start year 2012
===========================
Bought 1349.0 shares of ?QQQ at 57.14 on 2012-01-04
Bought 14 call contracts of QQQ 140118C00057000 at 8.12 on 2012-01-04
Bought 14 put contracts of QQQ 140118P00057000 at 8.86 on 2012-01-04
Current underlying price: 57.14
===========================
Net portfolio value: 106933.645
Liquidating 14.0 call contracts at price 10.365 on 2012-12-31
Call option profit is 3143.0. Growth 27.647783251231527
Liquidating 14.0 put contracts at price 3.0 on 2012-12-31
Stock profit is 10751.529999999999. Growth 13.948197409870494
===========================
Finish year 2012
===========================
Start year 2013
===========================
Bought 48.0 shares of ?QQQ at 66.68 on 2013-01-07
Bought 14 call contracts of QQQ 150117C00067000 at 7.9 on 2013-01-07
Bought 14 put contracts of QQQ 150117P00067000 at 9.69 on 2013-01-07
Current underlying price: 66.68
===========================
Net portfolio value: 155930.585
Liquidating 14.0 call contracts at price 21.475 on 2013-12-31
Call option profit is 19005.0. Growth 171.83544303797467
Liquidating 14.0 put contracts at price 1.245 on 2013-12-31
Stock profit is 29728.15999999999. Growth 31.913617276544677
===========================
Finish year 2013
===========================
Start year 2014
===========================
Bought 149.0 shares of ?QQQ at 87.09 on 2014-01-07
Bought 16 call contracts of QQQ 160115C00087000 at 8.71 on 2014-01-07
Bought 16 put contracts of QQQ 160115P00087000 at 10.42 on 2014-01-07
Current underlying price: 87.09
===========================
Net portfolio value: 196250.265
Liquidating 16.0 call contracts at price 18.855 on 2014-12-31
Call option profit is 16231.999999999998. Growth 116.47531572904704
Liquidating 16.0 put contracts at price 3.26 on 2014-12-31
Stock profit is 24983.360000000015. Growth 18.555517280973717
===========================
Finish year 2014
===========================
Start year 2015
===========================
Bought 59.0 shares of ?QQQ at 101.36 on 2015-01-07
Bought 17 call contracts of QQQ 170120C00101000 at 12.29 on 2015-01-07
Bought 17 put contracts of QQQ 170120P00101000 at 12.49 on 2015-01-07
Current underlying price: 101.36
===========================
Net portfolio value: 216748.415
Liquidating 17.0 call contracts at price 16.69 on 2015-12-31
Call option profit is 7480.000000000004. Growth 35.80146460537024
Liquidating 17.0 put contracts at price 5.555 on 2015-12-31
Stock profit is 16852.5. Growth 10.359116022099448
===========================
Finish year 2015
===========================
Start year 2016
===========================
Bought 1.0 shares of ?QQQ at 104.87 on 2016-01-07
Bought 17 call contracts of QQQ 180119C00106000 at 14.08 on 2016-01-07
Bought 17 put contracts of QQQ 180119P00106000 at 14.49 on 2016-01-07
Current underlying price: 104.87
===========================
Net portfolio value: 227516.665
Liquidating 17.0 call contracts at price 17.295 on 2016-12-30
Call option profit is 5465.5. Growth 22.833806818181817
Liquidating 17.0 put contracts at price 4.99 on 2016-12-30
Stock profit is 21857.660000000003. Growth 12.977972728139605
===========================
Finish year 2016
===========================
Start year 2017
===========================
Bought 14.0 shares of ?QQQ at 121.93 on 2017-01-06
Bought 17 call contracts of QQQ 190118C00122000 at 13.54 on 2017-01-06
Bought 17 put contracts of QQQ 190118P00122000 at 14.18 on 2017-01-06
Current underlying price: 121.93
===========================
Net portfolio value: 319394.865
Liquidating 17.0 call contracts at price 36.895 on 2017-12-29
Call option profit is 39703.5. Growth 172.48892171344167
Liquidating 17.0 put contracts at price 2.585 on 2017-12-29
Stock profit is 54804.600000000035. Growth 27.745427704420592
===========================
Finish year 2017
===========================
Start year 2018
===========================
Bought 86.0 shares of ?QQQ at 161.92 on 2018-01-05
Bought 18 call contracts of QQQ 200117C00162000 at 19.3 on 2018-01-05
Bought 18 put contracts of QQQ 200117P00162000 at 16.3 on 2018-01-05
Current underlying price: 161.92
===========================
Net portfolio value: 314484.065
Liquidating 18.0 call contracts at price 12.0 on 2018-12-31
Call option profit is -13140.0. Growth -37.82383419689119
Liquidating 18.0 put contracts at price 17.025 on 2018-12-31
Stock profit is -13067.960000000021. Growth -4.7307312252964495
===========================
Finish year 2018
===========================
Start year 2019
===========================
Bought 17 call contracts of QQQ 210115C00155000 at 25.5 on 2019-01-07
Bought 17 put contracts of QQQ 210115P00155000 at 17.78 on 2019-01-07
Current underlying price: 158.09
===========================
Net portfolio value: 458547.145
Liquidating 17.0 call contracts at price 61.0 on 2019-12-31
Call option profit is 60350.0. Growth 139.2156862745098
Liquidating 17.0 put contracts at price 2.63 on 2019-12-31
Stock profit is 105025.95999999999. Growth 40.75722961254888
===========================
Finish year 2019
===========================
Start year 2020
===========================
Bought 29.0 shares of ?QQQ at 215.53 on 2020-01-07
Bought 18 call contracts of QQQ 220121C00215000 at 28.5 on 2020-01-07
Bought 18 put contracts of QQQ 220121P00215000 at 24.0 on 2020-01-07
Current underlying price: 215.53
===========================
Net portfolio value: 743692.635
Liquidating 18.0 call contracts at price 104.92 on 2020-12-31
Call option profit is 137556.0. Growth 268.140350877193
Liquidating 18.0 put contracts at price 6.04 on 2020-12-31
Stock profit is 170394.35000000003. Growth 45.56674244884704
===========================
Finish year 2020
===========================
Start year 2021
===========================
Bought 17 call contracts of QQQ 231215C00310000 at 58.0 on 2021-01-07
Bought 17 put contracts of QQQ 231215P00310000 at 55.0 on 2021-01-07
Current underlying price: 314.98
===========================
Net portfolio value: 900273.135
Liquidating 17.0 call contracts at price 111.785 on 2021-12-31
Call option profit is 91434.5. Growth 92.73275862068965
Liquidating 17.0 put contracts at price 21.965 on 2021-12-31
Stock profit is 161733.30999999994. Growth 30.60021935289834
===========================
Finish year 2021
===========================
Start year 2022
===========================
Bought 44.0 shares of ?QQQ at 384.02 on 2022-01-06
Bought 18 call contracts of QQQ 240119C00385000 at 57.97 on 2022-01-06
Bought 18 put contracts of QQQ 240119P00385000 at 53.14 on 2022-01-06
Current underlying price: 384.02
===========================
Net portfolio value: 692591.065
Liquidating 18.0 call contracts at price 2.185 on 2022-12-30
Call option profit is -100413.0. Growth -96.23080903915819
Liquidating 18.0 put contracts at price 118.535 on 2022-12-30
Stock profit is -209459.45999999996. Growth -30.659861465548666
===========================
Finish year 2022
===========================
Start year 2023
===========================
Bought 194.0 shares of ?QQQ at 268.8 on 2023-01-06
Bought 20 call contracts of QQQ 250117C00265000 at 53.23 on 2023-01-06
Bought 20 put contracts of QQQ 250117P00265000 at 31.83 on 2023-01-06
Current underlying price: 268.8
===========================
Net portfolio value: 1131754.025
Liquidating 20.0 call contracts at price 159.805 on 2023-12-29
Call option profit is 213150.0. Growth 200.2160435844449
Liquidating 20.0 put contracts at price 2.955 on 2023-12-29
Stock profit is 277640.55999999994. Growth 52.35119047619046
===========================
Finish year 2023
===========================
Start year 2024
===========================
Bought 162.0 shares of ?QQQ at 396.75 on 2024-01-05
Bought 22 call contracts of QQQ 261218C00394780 at 81.5 on 2024-01-05
Bought 22 put contracts of QQQ 261218P00394780 at 44.5 on 2024-01-05
Current underlying price: 396.75
===========================
Net portfolio value: 1479029.815
Liquidating 22.0 call contracts at price 161.315 on 2024-12-31
Call option profit is 175593.0. Growth 97.93251533742331
Liquidating 22.0 put contracts at price 15.7 on 2024-12-31
Stock profit is 244414.80000000005. Growth 28.854442344045374
===========================
Finish year 2024
===========================
