===========================
Start year 2012
===========================
Bought 1750 shares of ?QQQ at 57.14 on 2012-01-04
Current underlying price: 57.14
===========================
Net portfolio value: 115583.75
Stock profit is 13947.5. Growth 13.948197409870494
===========================
Finish year 2012
===========================
Start year 2013
===========================
Current underlying price: 66.68
===========================
Net portfolio value: 157128.75
Stock profit is 37240.0. Growth 31.91361727654469
===========================
Finish year 2013
===========================
Start year 2014
===========================
Current underlying price: 87.09
===========================
Net portfolio value: 186441.25
Stock profit is 28280.0. Growth 18.555517280973707
===========================
Finish year 2014
===========================
Start year 2015
===========================
Current underlying price: 101.36
===========================
Net portfolio value: 203433.75
Stock profit is 18375.0. Growth 10.359116022099448
===========================
Finish year 2015
===========================
Start year 2016
===========================
Current underlying price: 104.87
===========================
Net portfolio value: 217206.25
Stock profit is 23817.5. Growth 12.977972728139601
===========================
Finish year 2016
===========================
Start year 2017
===========================
Current underlying price: 121.93
===========================
Net portfolio value: 284721.25
Stock profit is 59202.5. Growth 27.745427704420567
===========================
Finish year 2017
===========================
Start year 2018
===========================
Current underlying price: 161.92
===========================
Net portfolio value: 284563.75
Stock profit is -13405.0. Growth -4.730731225296442
===========================
Finish year 2018
===========================
Start year 2019
===========================
Current underlying price: 158.09
===========================
Net portfolio value: 389441.25
Stock profit is 95410.0. Growth 34.48668479979759
===========================
Finish year 2019
===========================
Start year 2020
===========================
Current underlying price: 215.53
===========================
Net portfolio value: 569481.25
Stock profit is 171867.5. Growth 45.56674244884703
===========================
Finish year 2020
===========================
Start year 2021
===========================
Current underlying price: 314.98
===========================
Net portfolio value: 719631.25
Stock profit is 145022.5. Growth 26.30960695917201
===========================
Finish year 2021
===========================
Start year 2022
===========================
Current underlying price: 384.02
===========================
Net portfolio value: 493128.75
Stock profit is -206045.0. Growth -30.65986146554867
===========================
Finish year 2022
===========================
Start year 2023
===========================
Current underlying price: 268.8
===========================
Net portfolio value: 748243.75
Stock profit is 246260.0. Growth 52.351190476190474
===========================
Finish year 2023
===========================
Start year 2024
===========================
Current underlying price: 396.75
===========================
Net portfolio value: 931206.25
Stock profit is 200340.0. Growth 28.854442344045367
===========================
Finish year 2024
===========================
