===========================
Start year 2010
===========================
Bought 882 shares of ?SPY at 113.33 on 2010-01-04
Current underlying price: 113.33
===========================
Net portfolio value: 113005.09
Stock profit is 10980.900000000009. Growth 10.98561722403601
===========================
Finish year 2010
===========================
Start year 2011
===========================
Current underlying price: 127.39
===========================
Net portfolio value: 115033.69
Stock profit is -1666.979999999996. Growth -1.4836329382212068
===========================
Finish year 2011
===========================
Start year 2012
===========================
Current underlying price: 127.82
===========================
Net portfolio value: 132779.53
Stock profit is 12965.399999999994. Growth 11.500547645125954
===========================
Finish year 2012
===========================
Start year 2013
===========================
Current underlying price: 145.92
===========================
Net portfolio value: 172928.17
Stock profit is 34177.5. Growth 26.55564692982456
===========================
Finish year 2013
===========================
Start year 2014
===========================
Current underlying price: 183.43
===========================
Net portfolio value: 194695.93
Stock profit is 19465.73999999999. Growth 12.031837758272903
===========================
Finish year 2014
===========================
Start year 2015
===========================
Current underlying price: 202.31
===========================
Net portfolio value: 197015.59
Stock profit is 1393.5599999999977. Growth 0.7809796846423791
===========================
Finish year 2015
===========================
Start year 2016
===========================
Current underlying price: 193.99
===========================
Net portfolio value: 218351.17
Stock profit is 26054.28. Growth 15.22758905098201
===========================
Finish year 2016
===========================
Start year 2017
===========================
Current underlying price: 227.21
===========================
Net portfolio value: 260810.65
Stock profit is 34971.29999999999. Growth 17.450816425333386
===========================
Finish year 2017
===========================
Start year 2018
===========================
Current underlying price: 273.42
===========================
Net portfolio value: 250385.41
Stock profit is -20727.0. Growth -8.594835783775876
===========================
Finish year 2018
===========================
Start year 2019
===========================
Current underlying price: 254.38
===========================
Net portfolio value: 318784.51
Stock profit is 59517.360000000015. Growth 26.527242707760053
===========================
Finish year 2019
===========================
Start year 2020
===========================
Current underlying price: 322.73
===========================
Net portfolio value: 369693.55
Stock profit is 45114.29999999999. Growth 15.849161838068971
===========================
Finish year 2020
===========================
Start year 2021
===========================
Current underlying price: 379.1
===========================
Net portfolio value: 463891.15
Stock profit is 84548.51999999996. Growth 25.28620416776575
===========================
Finish year 2021
===========================
Start year 2022
===========================
Current underlying price: 467.94
===========================
Net portfolio value: 387862.75
Stock profit is -75419.82. Growth -18.273710304739925
===========================
Finish year 2022
===========================
Start year 2023
===========================
Current underlying price: 388.08
===========================
Net portfolio value: 475639.39
Stock profit is 76936.85999999999. Growth 22.477324263038543
===========================
Finish year 2023
===========================
Start year 2024
===========================
Current underlying price: 467.92
===========================
Net portfolio value: 579574.27
Stock profit is 104217.12. Growth 25.252179859805096
===========================
Finish year 2024
===========================
