===========================
Start year 2010
===========================
Bought 705 shares of ?SPY at 113.33 on 2010-01-04
Bought 12 call contracts of SPY 121222C00115000 at 16.55 on 2010-01-04
Option expiration date: 2012-12-22
Option strike price: 115.0
Current underlying price: 113.33
===========================
Net portfolio value: 114413.425
Liquidating 12.0 call contracts at price 19.905 on 2010-12-31
Call option profit is 4025.9999999999964. Growth 20.27190332326282
Stock profit is 8777.25. Growth 10.985617224036002
===========================
Finish year 2010
===========================
Start year 2011
===========================
Bought 82 shares of ?SPY at 127.39 on 2011-01-06
Bought 13 call contracts of SPY 131221C00125000 at 18.0 on 2011-01-06
Option expiration date: 2013-12-21
Option strike price: 125.0
Current underlying price: 127.39
===========================
Net portfolio value: 123128.135
Liquidating 13.0 call contracts at price 15.85 on 2011-12-30
Call option profit is -2795.0. Growth -11.944444444444445
Stock profit is -1487.429999999993. Growth -1.4836329382212037
===========================
Finish year 2011
===========================
Start year 2012
===========================
Bought 56 shares of ?SPY at 127.82 on 2012-01-06
Bought 15 call contracts of SPY 141220C00130000 at 17.55 on 2012-01-06
Option expiration date: 2014-12-20
Option strike price: 130.0
Current underlying price: 127.82
===========================
Net portfolio value: 154652.355
Liquidating 15.0 call contracts at price 20.795 on 2012-12-31
Call option profit is 4867.5. Growth 18.49002849002849
Stock profit is 12392.100000000006. Growth 11.500547645125963
===========================
Finish year 2012
===========================
Start year 2013
===========================
Bought 72 shares of ?SPY at 145.92 on 2013-01-07
Bought 18 call contracts of SPY 151219C00145000 at 17.93 on 2013-01-07
Option expiration date: 2015-12-19
Option strike price: 145.0
Current underlying price: 145.92
===========================
Net portfolio value: 250256.805
Liquidating 18.0 call contracts at price 42.81 on 2013-12-31
Call option profit is 44784.0. Growth 138.76185164528724
Stock profit is 35456.25. Growth 26.555646929824565
===========================
Finish year 2013
===========================
Start year 2014
===========================
Bought 212 shares of ?SPY at 183.43 on 2014-01-07
Bought 25 call contracts of SPY 161216C00183000 at 20.28 on 2014-01-07
Option expiration date: 2016-12-16
Option strike price: 183.0
Current underlying price: 183.43
===========================
Net portfolio value: 320295.175
Liquidating 25.0 call contracts at price 33.345 on 2014-12-31
Call option profit is 32662.5. Growth 64.42307692307692
Stock profit is 24872.889999999985. Growth 12.031837758272903
===========================
Finish year 2014
===========================
Start year 2015
===========================
Bought 158 shares of ?SPY at 202.31 on 2015-01-07
Bought 22 call contracts of SPY 171215C00200000 at 28.5 on 2015-01-07
Option expiration date: 2017-12-15
Option strike price: 200.0
Current underlying price: 202.31
===========================
Net portfolio value: 316878.675
Liquidating 22.0 call contracts at price 21.505 on 2015-12-31
Call option profit is -15389.0. Growth -24.54385964912281
Stock profit is 2030.2999999999884. Growth 0.780979684642376
===========================
Finish year 2015
===========================
Start year 2016
===========================
Bought 8 shares of ?SPY at 193.99 on 2016-01-07
Bought 28 call contracts of SPY 181221C00200000 at 22.13 on 2016-01-07
Option expiration date: 2018-12-21
Option strike price: 200.0
Current underlying price: 193.99
===========================
Net portfolio value: 396911.285
Liquidating 28.0 call contracts at price 36.135 on 2016-12-30
Call option profit is 39214.0. Growth 63.28513330320831
Stock profit is 38195.21999999997. Growth 15.227589050981997
===========================
Finish year 2016
===========================
Start year 2017
===========================
Bought 147 shares of ?SPY at 227.21 on 2017-01-06
Bought 36 call contracts of SPY 190118C00225000 at 22.21 on 2017-01-06
Option expiration date: 2019-01-18
Option strike price: 225.0
Current underlying price: 227.21
===========================
Net portfolio value: 565132.895
Liquidating 36.0 call contracts at price 47.75 on 2017-12-29
Call option profit is 91944.0. Growth 114.993246285457
Stock profit is 57096.0. Growth 17.45081642533339
===========================
Finish year 2017
===========================
Start year 2018
===========================
Bought 246 shares of ?SPY at 273.42 on 2018-01-05
Bought 30 call contracts of SPY 201218C00270000 at 38.0 on 2018-01-05
Option expiration date: 2020-12-18
Option strike price: 270.0
Current underlying price: 273.42
===========================
Net portfolio value: 483116.085
Liquidating 30.0 call contracts at price 17.215 on 2018-12-31
Call option profit is -62355.0. Growth -54.69736842105263
Stock profit is -39621.0. Growth -8.594835783775876
===========================
Finish year 2018
===========================
Start year 2019
===========================
Bought 26 call contracts of SPY 211217C00250000 at 37.0 on 2019-01-07
Option expiration date: 2021-12-17
Option strike price: 250.0
Current underlying price: 254.38
===========================
Net portfolio value: 733893.985
Liquidating 26.0 call contracts at price 80.4 on 2019-12-31
Call option profit is 112840.0. Growth 117.29729729729729
Stock profit is 144296.87999999995. Growth 36.22281686161137
===========================
Finish year 2019
===========================
Start year 2020
===========================
Bought 129 shares of ?SPY at 322.73 on 2020-01-07
Bought 39 call contracts of SPY 221216C00325000 at 37.16 on 2020-01-07
Option expiration date: 2022-12-16
Option strike price: 325.0
Current underlying price: 322.73
===========================
Net portfolio value: 971004.765
Liquidating 39.0 call contracts at price 71.9 on 2020-12-31
Call option profit is 135486.00000000003. Growth 93.48762109795483
Stock profit is 92837.24999999988. Growth 15.849161838068953
===========================
Finish year 2020
===========================
Start year 2021
===========================
Bought 272 shares of ?SPY at 379.1 on 2021-01-07
Bought 37 call contracts of SPY 231215C00375000 at 52.76 on 2021-01-07
Option expiration date: 2023-12-15
Option strike price: 375.0
Current underlying price: 379.1
===========================
Net portfolio value: 1456366.105
Liquidating 37.0 call contracts at price 121.895 on 2021-12-31
Call option profit is 255799.5. Growth 131.03677028051555
Stock profit is 200059.82000000007. Growth 25.28620416776577
===========================
Finish year 2021
===========================
Start year 2022
===========================
Bought 383 shares of ?SPY at 467.94 on 2022-01-06
Bought 43 call contracts of SPY 241220C00470000 at 67.0 on 2022-01-06
Option expiration date: 2024-12-20
Option strike price: 470.0
Current underlying price: 467.94
===========================
Net portfolio value: 1051400.37
Liquidating 43.0 call contracts at price 21.0 on 2022-12-30
Call option profit is -197800.0. Growth -68.65671641791045
Stock profit is -211209.70000000007. Growth -18.27371030473993
===========================
Finish year 2022
===========================
Start year 2023
===========================
Bought 27 call contracts of SPY 251219C00380000 at 78.0 on 2023-01-06
Option expiration date: 2025-12-19
Option strike price: 380.0
Current underlying price: 388.08
===========================
Net portfolio value: 1421828.27
Liquidating 27.0 call contracts at price 129.62 on 2023-12-29
Call option profit is 139374.0. Growth 66.17948717948718
Stock profit is 328389.38. Growth 38.833864584536585
===========================
Finish year 2023
===========================
Start year 2024
===========================
Bought 35 call contracts of SPY 261218C00470000 at 78.5 on 2024-01-05
Option expiration date: 2026-12-18
Option strike price: 470.0
Current underlying price: 467.92
===========================
Net portfolio value: 1999057.77
Liquidating 35.0 call contracts at price 161.62 on 2024-12-31
Call option profit is 290920.0. Growth 105.88535031847134
Stock profit is 328352.9600000002. Growth 29.336490072624844
===========================
Finish year 2024
===========================
