===========================
Start year 2010
===========================
Bought 670.0 shares of ?SPY at 113.33 on 2010-01-04
Bought 7 call contracts of SPY 121222C00115000 at 16.55 on 2010-01-04
Option expiration date: 2012-12-22
Option strike price: 115.0
Bought 7 put contracts of SPY 121222P00115000 at 19.2 on 2010-01-04
Option expiration date: 2012-12-22
Option strike price: 115.0
Current underlying price: 113.33
===========================
Net portfolio value: 107367.55
Liquidating 7.0 call contracts at price 19.905 on 2010-12-31
Call option profit is 2348.5. Growth 20.27190332326284
Liquidating 7.0 put contracts at price 12.27 on 2010-12-31
Stock profit is 8341.5. Growth 10.985617224036
===========================
Finish year 2010
===========================
Start year 2011
===========================
Bought 7 call contracts of SPY 131221C00125000 at 18.0 on 2011-01-06
Option expiration date: 2013-12-21
Option strike price: 125.0
Bought 7 put contracts of SPY 131221P00125000 at 18.78 on 2011-01-06
Option expiration date: 2013-12-21
Option strike price: 125.0
Current underlying price: 127.39
===========================
Net portfolio value: 107269.85
Liquidating 7.0 call contracts at price 15.85 on 2011-12-30
Call option profit is -1505.0. Growth -11.944444444444445
Liquidating 7.0 put contracts at price 18.82 on 2011-12-30
Stock profit is 134.9899999999907. Growth 0.16079807494959283
===========================
Finish year 2011
===========================
Start year 2012
===========================
Bought 7 call contracts of SPY 141220C00130000 at 17.55 on 2012-01-06
Option expiration date: 2014-12-20
Option strike price: 130.0
Bought 7 put contracts of SPY 141220P00130000 at 25.48 on 2012-01-06
Option expiration date: 2014-12-20
Option strike price: 130.0
Current underlying price: 127.82
===========================
Net portfolio value: 114166.05
Liquidating 7.0 call contracts at price 20.795 on 2012-12-31
Call option profit is 2271.5. Growth 18.49002849002849
Liquidating 7.0 put contracts at price 13.075 on 2012-12-31
Stock profit is 14194.880000000005. Growth 17.46126874565157
===========================
Finish year 2012
===========================
Start year 2013
===========================
Bought 7 call contracts of SPY 151219C00145000 at 17.93 on 2013-01-07
Option expiration date: 2015-12-19
Option strike price: 145.0
Bought 7 put contracts of SPY 151219P00145000 at 23.0 on 2013-01-07
Option expiration date: 2015-12-19
Option strike price: 145.0
Current underlying price: 145.92
===========================
Net portfolio value: 150347.75
Liquidating 7.0 call contracts at price 42.81 on 2013-12-31
Call option profit is 17416.0. Growth 138.76185164528724
Liquidating 7.0 put contracts at price 6.725 on 2013-12-31
Stock profit is 33112.58. Growth 36.54151923185581
===========================
Finish year 2013
===========================
Start year 2014
===========================
Bought 7 call contracts of SPY 161216C00183000 at 20.28 on 2014-01-07
Option expiration date: 2016-12-16
Option strike price: 183.0
Bought 7 put contracts of SPY 161216P00183000 at 24.91 on 2014-01-07
Option expiration date: 2016-12-16
Option strike price: 183.0
Current underlying price: 183.43
===========================
Net portfolio value: 168135.65
Liquidating 7.0 call contracts at price 33.345 on 2014-12-31
Call option profit is 9145.5. Growth 64.42307692307692
Liquidating 7.0 put contracts at price 14.175 on 2014-12-31
Stock profit is 18088.64. Growth 15.124741254666947
===========================
Finish year 2014
===========================
Start year 2015
===========================
Bought 7 call contracts of SPY 171215C00200000 at 28.5 on 2015-01-07
Option expiration date: 2017-12-15
Option strike price: 200.0
Bought 7 put contracts of SPY 171215P00200000 at 29.75 on 2015-01-07
Option expiration date: 2017-12-15
Option strike price: 200.0
Current underlying price: 202.31
===========================
Net portfolio value: 157955.05
Liquidating 7.0 call contracts at price 21.505 on 2015-12-31
Call option profit is -4896.5. Growth -24.54385964912281
Liquidating 7.0 put contracts at price 20.85 on 2015-12-31
Stock profit is 8544.069999999978. Growth 6.67181104061672
===========================
Finish year 2015
===========================
Start year 2016
===========================
Bought 7 call contracts of SPY 181221C00200000 at 22.13 on 2016-01-07
Option expiration date: 2018-12-21
Option strike price: 200.0
Bought 7 put contracts of SPY 181221P00200000 at 32.29 on 2016-01-07
Option expiration date: 2018-12-21
Option strike price: 200.0
Current underlying price: 193.99
===========================
Net portfolio value: 171487.65
Liquidating 7.0 call contracts at price 36.135 on 2016-12-30
Call option profit is 9803.5. Growth 63.28513330320831
Liquidating 7.0 put contracts at price 14.935 on 2016-12-30
Stock profit is 32013.17. Growth 27.186959908003203
===========================
Finish year 2016
===========================
Start year 2017
===========================
Bought 7 call contracts of SPY 190118C00225000 at 22.21 on 2017-01-06
Option expiration date: 2019-01-18
Option strike price: 225.0
Bought 7 put contracts of SPY 190118P00225000 at 22.38 on 2017-01-06
Option expiration date: 2019-01-18
Option strike price: 225.0
Current underlying price: 227.21
===========================
Net portfolio value: 208686.25
Liquidating 7.0 call contracts at price 47.75 on 2017-12-29
Call option profit is 17878.0. Growth 114.993246285457
Liquidating 7.0 put contracts at price 5.07 on 2017-12-29
Stock profit is 34063.42999999999. Growth 23.535395612203086
===========================
Finish year 2017
===========================
Start year 2018
===========================
Bought 7 call contracts of SPY 201218C00270000 at 38.0 on 2018-01-05
Option expiration date: 2020-12-18
Option strike price: 270.0
Bought 7 put contracts of SPY 201218P00270000 at 30.5 on 2018-01-05
Option expiration date: 2020-12-18
Option strike price: 270.0
Current underlying price: 273.420
===========================
Net portfolio value: 186461.65
Liquidating 7.0 call contracts at price 17.215 on 2018-12-31
Call option profit is -14549.5. Growth -54.69736842105263
Liquidating 7.0 put contracts at price 33.305 on 2018-12-31
Stock profit is -1527.1600000000035. Growth -0.90378636752401
===========================
Finish year 2018
===========================
Start year 2019
===========================
Bought 6 call contracts of SPY 211217C00250000 at 37.0 on 2019-01-07
Option expiration date: 2021-12-17
Option strike price: 250.0
Bought 6 put contracts of SPY 211217P00250000 at 29.1 on 2019-01-07
Option expiration date: 2021-12-17
Option strike price: 250.0
Current underlying price: 254.38
===========================
Net portfolio value: 250874.25
Liquidating 6.0 call contracts at price 80.4 on 2019-12-31
Call option profit is 26040.0. Growth 117.29729729729729
Liquidating 6.0 put contracts at price 9.67 on 2019-12-31
Stock profit is 66833.9. Growth 44.91154293025508
===========================
Finish year 2019
===========================
Start year 2020
===========================
Bought 7 call contracts of SPY 221216C00325000 at 37.16 on 2020-01-07
Option expiration date: 2022-12-16
Option strike price: 325.0
Bought 7 put contracts of SPY 221216P00325000 at 40.0 on 2020-01-07
Option expiration date: 2022-12-16
Option strike price: 325.0
Current underlying price: 322.73
===========================
Net portfolio value: 300978.25
Liquidating 7.0 call contracts at price 71.9 on 2020-12-31
Call option profit is 24318.0. Growth 93.48762109795479
Liquidating 7.0 put contracts at price 30.135 on 2020-12-31
Stock profit is 52666.110000000015. Growth 26.62143300408845
===========================
Finish year 2020
===========================
Start year 2021
===========================
Bought 7 call contracts of SPY 231215C00375000 at 52.76 on 2021-01-07
Option expiration date: 2023-12-15
Option strike price: 375.0
Bought 7 put contracts of SPY 231215P00375000 at 57.0 on 2021-01-07
Option expiration date: 2023-12-15
Option strike price: 375.0
Current underlying price: 379.1
===========================
Net portfolio value: 396554.05
Liquidating 7.0 call contracts at price 121.895 on 2021-12-31
Call option profit is 48394.5. Growth 131.03677028051555
Liquidating 7.0 put contracts at price 24.13 on 2021-12-31
Stock profit is 83181.20000000001. Growth 35.38993031032752
===========================
Finish year 2021
===========================
Start year 2022
===========================
Bought 7 call contracts of SPY 241220C00470000 at 67.0 on 2022-01-06
Option expiration date: 2024-12-20
Option strike price: 470.0
Bought 7 put contracts of SPY 241220P00470000 at 68.5 on 2022-01-06
Option expiration date: 2024-12-20
Option strike price: 470.0
Current underlying price: 467.94
===========================
Net portfolio value: 318530.85
Liquidating 7.0 call contracts at price 21.0 on 2022-12-30
Call option profit is -32200.0. Growth -68.65671641791045
Liquidating 7.0 put contracts at price 89.285 on 2022-12-30
Stock profit is -45593.19999999998. Growth -15.106024657636814
===========================
Finish year 2022
===========================
Start year 2023
===========================
Bought 7 call contracts of SPY 251219C00380000 at 78.0 on 2023-01-06
Option expiration date: 2025-12-19
Option strike price: 380.0
Bought 7 put contracts of SPY 251219P00380000 at 44.5 on 2023-01-06
Option expiration date: 2025-12-19
Option strike price: 380.0
Current underlying price: 388.08
===========================
Net portfolio value: 391515.55
Liquidating 7.0 call contracts at price 129.62 on 2023-12-29
Call option profit is 36134.0. Growth 66.17948717948718
Liquidating 7.0 put contracts at price 13.43 on 2023-12-29
Stock profit is 79400.42000000001. Growth 33.213972818564656
===========================
Finish year 2023
===========================
Start year 2024
===========================
Bought 7 call contracts of SPY 261218C00470000 at 78.5 on 2024-01-05
Option expiration date: 2026-12-18
Option strike price: 470.0
Bought 7 put contracts of SPY 261218P00470000 at 45.0 on 2024-01-05
Option expiration date: 2026-12-18
Option strike price: 470.0
Current underlying price: 467.92
===========================
Net portfolio value: 502471.65
Liquidating 7.0 call contracts at price 161.62 on 2024-12-31
Call option profit is 58184.0. Growth 105.88535031847134
Liquidating 7.0 put contracts at price 15.345 on 2024-12-31
Stock profit is 91333.11999999994. Growth 30.30894488520093
===========================
Finish year 2024
===========================
