===========================
Start year 2012
===========================
Bought 1349.0 shares of ?QQQ at 57.14 on 2012-01-04
Bought 14 call contracts of QQQ 140118C00057000 at 8.12 on 2012-01-04
Bought 14 put contracts of QQQ 140118P00057000 at 8.86 on 2012-01-04
Current underlying price: 57.14
===========================
Net portfolio value: 106933.645
Liquidating 14.0 call contracts at price 10.365 on 2012-12-31
Call option profit is 3143.0. Growth 27.647783251231527
Liquidating 14.0 put contracts at price 3.0 on 2012-12-31
Stock profit is 10751.529999999999. Growth 13.948197409870494
===========================
Finish year 2012
===========================
Start year 2013
===========================
Bought 13 call contracts of QQQ 150117C00067000 at 7.9 on 2013-01-07
Bought 13 put contracts of QQQ 150117P00067000 at 9.69 on 2013-01-07
Current underlying price: 66.68
===========================
Net portfolio value: 144353.805
Liquidating 13.0 call contracts at price 21.475 on 2013-12-31
Call option profit is 17647.5. Growth 171.83544303797467
Liquidating 13.0 put contracts at price 1.245 on 2013-12-31
Stock profit is 33374.31999999999. Growth 39.13328358565971
===========================
Finish year 2013
===========================
Start year 2014
===========================
Bought 14 call contracts of QQQ 160115C00087000 at 8.71 on 2014-01-07
Bought 14 put contracts of QQQ 160115P00087000 at 10.42 on 2014-01-07
Current underlying price: 87.09
===========================
Net portfolio value: 170690.455
Liquidating 14.0 call contracts at price 18.855 on 2014-12-31
Call option profit is 14202.999999999998. Growth 116.47531572904704
Liquidating 14.0 put contracts at price 3.26 on 2014-12-31
Stock profit is 22235.289999999994. Growth 18.996572032763037
===========================
Finish year 2014
===========================
Start year 2015
===========================
Bought 14 call contracts of QQQ 170120C00101000 at 12.29 on 2015-01-07
Bought 14 put contracts of QQQ 170120P00101000 at 12.49 on 2015-01-07
Current underlying price: 101.36
===========================
Net portfolio value: 179510.845
Liquidating 14.0 call contracts at price 16.69 on 2015-12-31
Call option profit is 6160.0. Growth 35.80146460537022
Liquidating 14.0 put contracts at price 5.555 on 2015-12-31
Stock profit is 16394.420000000013. Growth 12.18873211289538
===========================
Finish year 2015
===========================
Start year 2016
===========================
Bought 13 call contracts of QQQ 180119C00106000 at 14.08 on 2016-01-07
Bought 13 put contracts of QQQ 180119P00106000 at 14.49 on 2016-01-07
Current underlying price: 104.87
===========================
Net portfolio value: 180976.875
Liquidating 13.0 call contracts at price 17.295 on 2016-12-30
Call option profit is 4179.5. Growth 22.833806818181817
Liquidating 13.0 put contracts at price 4.99 on 2016-12-30
Stock profit is 26959.22999999998. Growth 20.289885722383822
===========================
Finish year 2016
===========================
Start year 2017
===========================
Bought 13 call contracts of QQQ 190118C00122000 at 13.54 on 2017-01-06
Bought 13 put contracts of QQQ 190118P00122000 at 14.18 on 2017-01-06
Current underlying price: 121.93
===========================
Net portfolio value: 247878.995
Liquidating 13.0 call contracts at price 36.895 on 2017-12-29
Call option profit is 30361.5. Growth 172.48892171344164
Liquidating 13.0 put contracts at price 2.585 on 2017-12-29
Stock profit is 59292.82999999999. Growth 39.31170733489356
===========================
Finish year 2017
===========================
Start year 2018
===========================
Bought 13 call contracts of QQQ 200117C00162000 at 19.3 on 2018-01-05
Bought 13 put contracts of QQQ 200117P00162000 at 16.3 on 2018-01-05
Current underlying price: 161.92
===========================
Net portfolio value: 237382.285
Liquidating 13.0 call contracts at price 12.0 on 2018-12-31
Call option profit is -9490.0. Growth -37.82383419689119
Liquidating 13.0 put contracts at price 17.025 on 2018-12-31
Stock profit is -294.29999999998836. Growth -0.1412248818375245
===========================
Finish year 2018
===========================
Start year 2019
===========================
Bought 12 call contracts of QQQ 210115C00155000 at 25.5 on 2019-01-07
Bought 12 put contracts of QQQ 210115P00155000 at 17.78 on 2019-01-07
Current underlying price: 158.09
===========================
Net portfolio value: 340645.855
Liquidating 12.0 call contracts at price 61.0 on 2019-12-31
Call option profit is 42600.0. Growth 139.2156862745098
Liquidating 12.0 put contracts at price 2.63 on 2019-12-31
Stock profit is 98051.43000000002. Growth 51.94517403260214
===========================
Finish year 2019
===========================
Start year 2020
===========================
Bought 13 call contracts of QQQ 220121C00215000 at 28.5 on 2020-01-07
Bought 13 put contracts of QQQ 220121P00215000 at 24.0 on 2020-01-07
Current underlying price: 215.53
===========================
Net portfolio value: 549432.475
Liquidating 13.0 call contracts at price 104.92 on 2020-12-31
Call option profit is 99346.0. Growth 268.140350877193
Liquidating 13.0 put contracts at price 6.04 on 2020-12-31
Stock profit is 151020.87000000005. Growth 55.478650485744005
===========================
Finish year 2020
===========================
Start year 2021
===========================
Bought 13 call contracts of QQQ 231215C00310000 at 58.0 on 2021-01-07
Bought 13 put contracts of QQQ 231215P00310000 at 55.0 on 2021-01-07
Current underlying price: 314.98
===========================
Net portfolio value: 665025.875
Liquidating 13.0 call contracts at price 111.785 on 2021-12-31
Call option profit is 69920.5. Growth 92.73275862068965
Liquidating 13.0 put contracts at price 21.965 on 2021-12-31
Stock profit is 151164.13. Growth 39.20887237575412
===========================
Finish year 2021
===========================
Start year 2022
===========================
Bought 13 call contracts of QQQ 240119C00385000 at 57.97 on 2022-01-06
Bought 13 put contracts of QQQ 240119P00385000 at 53.14 on 2022-01-06
Current underlying price: 384.02
===========================
Net portfolio value: 498841.005
Liquidating 13.0 call contracts at price 2.185 on 2022-12-30
Call option profit is -72520.5. Growth -96.23080903915819
Liquidating 13.0 put contracts at price 118.535 on 2022-12-30
Stock profit is -138862.22000000003. Growth -27.879840491152788
===========================
Finish year 2022
===========================
Start year 2023
===========================
Bought 52.0 shares of ?QQQ at 268.8 on 2023-01-06
Bought 15 call contracts of QQQ 250117C00265000 at 53.23 on 2023-01-06
Bought 15 put contracts of QQQ 250117P00265000 at 31.83 on 2023-01-06
Current underlying price: 268.8
===========================
Net portfolio value: 809904.745
Liquidating 15.0 call contracts at price 159.805 on 2023-12-29
Call option profit is 159862.5. Growth 200.21604358444486
Liquidating 15.0 put contracts at price 2.955 on 2023-12-29
Stock profit is 197148.72000000003. Growth 52.35119047619049
===========================
Finish year 2023
===========================
Start year 2024
===========================
Bought 114.0 shares of ?QQQ at 396.75 on 2024-01-05
Bought 16 call contracts of QQQ 261218C00394780 at 81.5 on 2024-01-05
Bought 16 put contracts of QQQ 261218P00394780 at 44.5 on 2024-01-05
Current underlying price: 396.75
===========================
Net portfolio value: 1051207.775
Liquidating 16.0 call contracts at price 161.315 on 2024-12-31
Call option profit is 127704.0. Growth 97.93251533742331
Liquidating 16.0 put contracts at price 15.7 on 2024-12-31
Stock profit is 173437.19999999995. Growth 28.854442344045363
===========================
Finish year 2024
===========================
